<?xml version="1.0" encoding="UTF-8"?>
<!-- Generated by org.testng.reporters.JUnitReportReporter -->
<testsuite hostname="BLRTRIBWN21529" name="tryGitAndMaven.Jenkins.testbasic" tests="1" failures="0" timestamp="3 Nov 2020 10:13:52 GMT" time="0.014" errors="0">
  <testcase name="basic" time="0.014" classname="tryGitAndMaven.Jenkins.testbasic"/>
</testsuite> <!-- tryGitAndMaven.Jenkins.testbasic -->
